<?xml version="1.0" encoding="UTF-8"?>
<!-- Generated by org.testng.reporters.JUnitXMLReporter -->
<testsuite ignored="0" hostname="LAPTOP-9G6I7F61" failures="1" tests="6" name="Command line test" time="0.08" errors="0" timestamp="24 sty 2021 09:44:37 GMT">
  <testcase classname="AnnotationsTest" name="test1" time="0.001"/>
  <testcase classname="AnnotationsTest" name="test2" time="0.0"/>
  <testcase classname="AnnotationsTest" name="test3" time="0.001"/>
  <testcase classname="AssertionsTest" name="shouldFail" time="0.003">
    <failure type="java.lang.AssertionError" message="expected [false] but found [true]">
      <![CDATA[java.lang.AssertionError: expected [false] but found [true]at AssertionsTest.shouldFail(AssertionsTest.java:17)... Removed 39 stack frames]]>
    </failure>
  </testcase> <!-- shouldFail -->
  <testcase classname="AssertionsTest" name="shouldPass" time="0.001"/>
  <testcase classname="FormTest" name="shouldSendForm" time="0.0"/>
</testsuite> <!-- Command line test -->
